INFO 2023/3/13下午5:07:32  launch with argv [/usr/share/typora/Typora]
INFO 2023/3/13下午5:07:32  launchFromDiffVersion, pre version is undefined
INFO 2023/3/13下午5:07:32  start LM in devVersion=true
INFO 2023/3/13下午5:07:32  [Raven] instanceKey = c11602d6-a68d-483f-98ac-c97627a775ad
INFO 2023/3/13下午5:07:32  ls put SLicense
INFO 2023/3/13下午5:07:32  [validateTrail] installDate is 3/13/2023, trail remains: 15 days
INFO 2023/3/13下午5:07:32  overwriteThemeFolder
INFO 2023/3/13下午5:07:32  ------------------start------------------
INFO 2023/3/13下午5:07:32  typora version: 0.11.18
INFO 2023/3/13下午5:07:32  [Raven] userId = 76597dda-b0b0-4ea2-b1e0-005e314b946f
INFO 2023/3/13下午5:07:32  [focus] 1
INFO 2023/3/13下午5:07:32  synced recovery
INFO 2023/3/13下午5:07:33  handle document.loadInitData
INFO 2023/3/13下午5:07:33  [RenderProcess 1][Log] getContent
INFO 2023/3/13下午5:07:33  synced recovery
INFO 2023/3/13下午5:07:33  [RenderProcess 1][Log] onBecomeActive
INFO 2023/3/13下午5:07:33  [RenderProcess 1][Log] File.activeWindow = true
INFO 2023/3/13下午5:07:37  synced recovery
INFO 2023/3/13下午5:07:37  ----------------before-quit-----------------
INFO 2023/3/13下午5:07:37  ------------------will-quit------------------
INFO 2023/3/13下午5:07:37  -----------------quit------------------
INFO 2023/3/13下午5:07:37  closeLogging
INFO 2023/3/13下午5:08:24  launch with argv [/usr/share/typora/Typora]
INFO 2023/3/13下午5:08:24  start LM in devVersion=true
INFO 2023/3/13下午5:08:24  [Raven] instanceKey = f5af792f-8d1c-4632-ad8c-394ab53bc6fd
INFO 2023/3/13下午5:08:24  ls put SLicense
INFO 2023/3/13下午5:08:24  [validateTrail] installDate is 3/13/2023, trail remains: 15 days
INFO 2023/3/13下午5:08:24  ------------------start------------------
INFO 2023/3/13下午5:08:24  typora version: 0.11.18
INFO 2023/3/13下午5:08:24  [Raven] userId = 76597dda-b0b0-4ea2-b1e0-005e314b946f
INFO 2023/3/13下午5:08:24  [focus] 1
INFO 2023/3/13下午5:08:24  synced recovery
INFO 2023/3/13下午5:08:25  handle document.loadInitData
INFO 2023/3/13下午5:08:25  [RenderProcess 1][Log] getContent
INFO 2023/3/13下午5:08:25  synced recovery
INFO 2023/3/13下午5:08:25  [RenderProcess 1][Log] onBecomeActive
INFO 2023/3/13下午5:08:25  [RenderProcess 1][Log] File.activeWindow = true
INFO 2023/3/13下午5:09:07  File.setCanCollapsePinnedOutline(true);
INFO 2023/3/13下午5:09:46  File.setIndentFirstLine(true, true);
INFO 2023/3/13下午5:09:54  synced recovery
INFO 2023/3/13下午5:09:54  ----------------before-quit-----------------
INFO 2023/3/13下午5:09:54  ------------------will-quit------------------
INFO 2023/3/13下午5:09:54  -----------------quit------------------
INFO 2023/3/13下午5:09:54  closeLogging
